


      /17     BOOT    -       OS/8 V3D                                    Page 1


    1              /17     BOOT    -       OS/8 V3D
    2              /
    3              /
    4              /
    5              /
    6              /
    7              /
    8              /
    9              /
   10              /
   11              /COPYRIGHT  (C)  1974,1975,1977 BY DIGITAL EQUIPMENT CORPORATION
   12              /
   13              /
   14              /
   15              /
   16              /
   17              /
   18              /
   19              /
   20              /
   21              /
   22              /THE INFORMATION IN THIS DOCUMENT IS SUBJECT TO CHANGE WITHOUT NOTICE
   23              /AND SHOULD NOT BE CONSTRUED AS A COMMITMENT BY DIGITAL EQUIPMENT
   24              /CORPORATION.  DIGITAL EQUIPMENT CORPORATION ASSUMES NO RESPONSIBILITY
   25              /FOR ANY ERRORS THAT MAY APPEAR IN THIS DOCUMENT.
   26              /
   27              /THE SOFTWARE DESCRIBED IN THIS DOCUMENT IS FURNISHED TO THE PURCHASER
   28              /UNDER A LICENSE FOR USE ON A SINGLE COMPUTER SYSTEM AND CAN BE COPIED
   29              /(WITH INCLUSION OF DIGITAL'S COPYRIGHT NOTICE) ONLY FOR USE IN SUCH
   30              /SYSTEM, EXCEPT AS MAY OTHERWISE BE PROVIDED IN WRITING BY DIGITAL.
   31              /
   32              /DIGITAL EQUIPMENT CORPORATION ASSUMES NO RESPONSIBILITY FOR THE USE
   33              /OR RELIABILITY OF ITS SOFTWARE ON EQUIPMENT THAT IS NOT SUPPLIED BY
   34              /DIGITAL.
   35              /
   36              /
   37              /
   38              /
   39              /
   40              /
   41              /
   42              /
   43              /
   44                      /SR
   45              
   46              /FIXES MADE FOR MAINTENANCE RELEASE:
   47              
   48              /1.     ADDED RX01 (FLOPPY BOOTSTRAP)
   49              /2.     LEFT PATCH SPACE IN NAME TABLE
   50              /3.     ADDED SD (SERIALDISK BOOTSTRAP)



      /17     BOOT    -       OS/8 V3D                                    Page 2


   51              
   52        0014          PTR=14
   53        0015          OLDLOC=15
   54        0016          NEWLOC=16
   55        0027          CDOIO=27
   56        0017          SCAN=17
   57              
   58        0001          *1
   59 00001  7402          HLT
   60 00002  5577          JMP I (7600
   61        0100          *100
   62              
   63 00100  0000  INNER,  0
   64 00101  7760  OUTR,   -20
   65 00102  0000  CODE,   0
   66 00103  0000  LENGTH, 0
   67        0200          *200
   68              
   69 00200  7200  START,  CLA             /ALLOW BEING CHAINED TO
   70 00201  1777          TAD I (7600
   71 00202  7710          SPA CLA
   72 00203  5311          JMP OS8IN
   73 00204  2100          ISZ INNER
   74 00205  5204          JMP .-1
   75 00206  2101          ISZ OUTR
   76 00207  5204          JMP .-3
   77 00210  4776          JMS I (TESTRK
   78 00211  1775  COSIN,  TAD I (7776
   79 00212  7041  COMN,   CIA
   80 00213  3102          DCA CODE
   81 00214  1374          TAD (TABLE-1
   82 00215  3014          DCA PTR
   83 00216  1414  LOOP,   TAD I PTR
   84 00217  7450          SNA
   85 00220  5256          JMP OS8
   86 00221  1102          TAD CODE
   87 00222  7640          SZA CLA
   88 00223  5252          JMP NXT
   89 00224  6002          IOF
   90 00225  7240          STA
   91 00226  1414          TAD I PTR
   92 00227  3015          DCA OLDLOC
   93 00230  7240          STA
   94 00231  1414          TAD I PTR
   95 00232  3016          DCA NEWLOC
   96 00233  1414          TAD I PTR
   97 00234  7041          CIA
   98 00235  3103          DCA LENGTH
   99 00236  1415          TAD I OLDLOC
  100 00237  3416          DCA I NEWLOC



      /17     BOOT    -       OS/8 V3D                                    Page 3


  101 00240  2103          ISZ LENGTH
  102 00241  5236          JMP .-3
  103 00242  1414          TAD I PTR
  104 00243  3352          DCA TEMP
  105 00244  1251          TAD HLTSWT
  106 00245  7650          SNA CLA
  107 00246  7402          HLT
  108 00247  7100          CLL
  109 00250  5752          JMP I TEMP
  110 00251  0001  HLTSWT, 1
  111              
  112 00252  1014  NXT,    TAD PTR
  113 00253  1373          TAD (4
  114 00254  3014          DCA PTR
  115 00255  5216          JMP LOOP
  116 00256  1372  OS8,    TAD ("N
  117 00257  4771          JMS I (PUT
  118 00260  1370          TAD ("O
  119 00261  4771          JMS I (PUT
  120 00262  7201          CLA IAC
  121 00263  3251          DCA HLTSWT
  122 00264  4767  RETRY,  JMS I (CRLF
  123 00265  1366          TAD ("/
  124 00266  4771          JMS I (PUT
  125 00267  4765          JMS I (GET
  126 00270  7410          SKP
  127 00271  5264          JMP RETRY
  128 00272  7106          CLL RTL
  129 00273  7006          RTL
  130 00274  7006          RTL
  131 00275  3352          DCA TEMP
  132 00276  4765          JMS I (GET
  133 00277  7410          SKP
  134 00300  5264          JMP RETRY
  135 00301  1352          TAD TEMP
  136 00302  3352          DCA TEMP
  137 00303  4765          JMS I (GET
  138 00304  5303          JMP .-1
  139 00305  7200          CLA
  140 00306  4767          JMS I (CRLF
  141 00307  1352          TAD TEMP
  142 00310  5212          JMP COMN
  143 00311  1777  OS8IN,  TAD I (7600
  144 00312  1364          TAD (-4207
  145 00313  7640          SZA CLA
  146 00314  5264          JMP RETRY
  147 00315  1763          TAD I (1000
  148 00316  1362          TAD (777
  149 00317  7650          SNA CLA
  150 00320  1361          TAD (600



      /17     BOOT    -       OS/8 V3D                                    Page 4


  151 00321  1362          TAD (1000-1
  152 00322  3017          DCA SCAN
  153 00323  1417  SKAN,   TAD I SCAN
  154 00324  7450          SNA
  155 00325  5264          JMP RETRY
  156 00326  0360          AND (177
  157 00327  1357          TAD (-"/!7600
  158 00330  7640          SZA CLA
  159 00331  5323          JMP SKAN
  160 00332  1417          TAD I SCAN
  161 00333  0356          AND (77
  162 00334  7106          CLL RTL
  163 00335  7006          RTL
  164 00336  7006          RTL
  165 00337  3352          DCA TEMP
  166 00340  1417          TAD I SCAN
  167 00341  0356          AND (77
  168 00342  1352          TAD TEMP
  169 00343  3352          DCA TEMP
  170 00344  1417          TAD I SCAN
  171 00345  0360          AND (177
  172 00346  1355          TAD (-".!7600
  173 00347  3251          DCA HLTSWT
  174 00350  1352          TAD TEMP
  175 00351  5212          JMP COMN
  176              
  177 00352  0000  TEMP,   0
      00355  7722
      00356  0077
      00357  7721
      00360  0177
      00361  0600
      00362  0777
      00363  1000
      00364  3571
      00365  2677
      00366  0257
      00367  2661
      00370  0317
      00371  2671
      00372  0316
      00373  0004
      00374  0377
      00375  7776
      00376  2723
      00377  7600
  178                      PAGE
  179 00400  2403  TABLE,  2403    /TC
  180 00401  0557          DECTAP
  181 00402  7554          7554



      /17     BOOT    -       OS/8 V3D                                    Page 5


  182 00403  0025          25
  183 00404  7554          7554
  184              
  185 00405  2213          2213    /RK
  186 00406  0603  RKADR,  RK8
  187 00407  0021          21
  188 00410  0011          11
  189 00411  0021          21
  190              
  191 00412  2404          2404    /TD
  192 00413  0625          TD8E
  193 00414  7277          7277
  194 00415  0034          34
  195 00416  7277          7277
  196              
  197 00417  1424          1424    /LT
  198 00420  0661          LINCTP
  199 00421  4400          4400
  200 00422  0007          7
  201 00423  4400          4400
  202              
  203 00424  2206          2206    /RF
  204 00425  0670          RF08
  205 00426  7746          7746
  206 00427  0007          7
  207 00430  7746          7746
  208              
  209 00431  2024          2024    /PT
  210 00432  2000          BINLDR
  211 00433  7626          7626
  212 00434  0152          152
  213 00435  7700          7700
  214              
  215 00436  3205          3205    /ZE
  216 00437  2152          ZERO
  217 00440  0004          4
  218 00441  0006          6
  219 00442  0004          4
  220              
  221 00443  2431          2431    /TY
  222 00444  2166          TYPSET
  223 00445  7730          7730
  224 00446  0042          42
  225 00447  7730          7730
  226              
  227 00450  0414          0414    /DL
  228 00451  2160          DIAL
  229 00452  4012          4012
  230 00453  0006          6
  231 00454  4012          4012



      /17     BOOT    -       OS/8 V3D                                    Page 6


  232              
  233 00455  0301          0301    /CA
  234 00456  2261          CAS
  235 00457  4000          4000
  236 00460  0040          40
  237 00461  4000          4000
  238              
  239 00462  0415          0415    /DM
  240 00463  2243          DSKMON
  241 00464  0171          171
  242 00465  0016          16
  243 00466  0174          174
  244              
  245 00467  2605          2605    /VE
  246 00470  2233          VERS
  247 00471  2233          VERS
  248 00472  0001          1
  249 00473  2233          VERS
  250              
  251 00474  0424          0424    /DT
  252 00475  2624          TAPE
  253 00476  2624          TAPE
  254 00477  0001          1
  255 00500  2624          TAPE
  256              
  257 00501  0413          0413    /DK
  258 00502  2601          DISK
  259 00503  2601          DISK
  260 00504  0001          1
  261 00505  2601          DISK
  262              
  263 00506  2205          2205    /RE
  264 00507  0614          RK8E
  265 00510  0021          21
  266 00511  0011          11
  267 00512  0021          21
  268              
  269 00513  2523          2523    /US
  270 00514  0001          1
  271 00515  0001          1
  272 00516  0001          1
  273 00517  0264          RETRY
  274              
  275 00520  2230          2230    /RX
  276 00521  2321          RX01
  277 00522  0024          RX8E
  278 00523  0036          36
  279 00524  0033          RXSTRT
  280                              
  281 00525  2304          2304    /SD KYLE OWEN'S SERIALDISK



      /17     BOOT    -       OS/8 V3D                                    Page 7


  282 00526  2400          SDISK
  283 00527  0017          SDLOAD
  284 00530  0027          27
  285 00531  0020          SDSTRT
  286              
  287 00532  0000          ZBLOCK 4^5      /PATCH SPACE
      00533  0000
      00534  0000
      00535  0000
      00536  0000
      00537  0000
      00540  0000
      00541  0000
      00542  0000
      00543  0000
      00544  0000
      00545  0000
      00546  0000
      00547  0000
      00550  0000
      00551  0000
      00552  0000
      00553  0000
      00554  0000
      00555  0000
  288              
  289 00556  0000          0
  290              
  291              /FORMAT:
  292                      /SIXBIT OF 2-CHARACTER NAME
  293                      /ADDRESS OF BOOTSTRAP CODE IN BOOT
  294                      /ADDRESS WHERE BOOTSTRAP CODE IS TO BE MOVED TO
  295                      /LENGTH OF BOOTSTRAP IN WORDS
  296                      /STARTING ADDRESS OF BOOTSTRAP
  297              
  298 00557  7600  DECTAP, 7600
  299 00560  6774          6774
  300 00561  1374          1374
  301 00562  6766          6766
  302 00563  6771          6771
  303 00564  5360          5360
  304 00565  7240          7240
  305 00566  1354          1354
  306 00567  3773          3773
  307 00570  1354          1354
  308 00571  3772          3772
  309 00572  1375          1375
  310 00573  6766          6766
  311 00574  5376          5376
  312 00575  7754          7754



      /17     BOOT    -       OS/8 V3D                                    Page 8


  313 00576  7755          7755
  314 00577  0600          0600
  315 00600  0220          0220
  316 00601  6771          6771
  317 00602  5376          5376
  318 00603  6732  RK8,    6732
  319 00604  6751          6751
  320 00605  6745          6745
  321 00606  5023          5023
  322 00607  6742          6742
  323 00610  6753          6753
  324 00611  6755          6755
  325 00612  6733          6733
  326 00613  5031          5031
  327              
  328 00614  7000  RK8E,   7000
  329 00615  7000          7000
  330 00616  7000          7000
  331 00617  7000          7000
  332 00620  7201          7201
  333 00621  6742          6742
  334 00622  6742          6742
  335 00623  6743          6743
  336 00624  5031          5031
  337 00625  6007  TD8E,   6007
  338 00626  1312          1312
  339 00627  4312          4312
  340 00630  4312          4312
  341 00631  6773          6773
  342 00632  5303          5303
  343 00633  6777          6777
  344 00634  3726          3726
  345 00635  2326          2326
  346 00636  5303          5303
  347 00637  5732          5732
  348 00640  2000          2000
  349 00641  1300          1300
  350 00642  6774          6774
  351 00643  6771          6771
  352 00644  5315          5315
  353 00645  6776          6776
  354 00646  0331          0331
  355 00647  1327          1327
  356 00650  7640          7640
  357 00651  5315          5315
  358 00652  2321          2321
  359 00653  5712          5712
  360 00654  7354          7354
  361 00655  7756          7756
  362 00656  7747          7747



      /17     BOOT    -       OS/8 V3D                                    Page 9


  363 00657  0077          0077
  364 00660  7400          7400
  365 00661  6141  LINCTP, 6141
  366 00662  1020          1020
  367 00663  0020          0020
  368 00664  0004          0004
  369 00665  0700          0700
  370 00666  0000          0000
  371 00667  6020          6020
  372 00670  6643  RF08,   6643
  373 00671  6615          6615
  374 00672  7600          7600
  375 00673  6603          6603
  376 00674  6622          6622
  377 00675  5352          5352
  378 00676  5752          5752
  379              /       1000 IS OS/8 LINE BUUFFER
  380              /       1600 IS PS/8 LINE BUFFERE
  381              
  382        2000          *2000
  383              
  384 02000  0000  BINLDR, 0000
  385 02001  3212          3212
  386 02002  4260          4260
  387 02003  1300          1300
  388 02004  7750          7750
  389 02005  5237          5237
  390 02006  2212          2212
  391 02007  7040          7040
  392 02010  5227          5227
  393 02011  1212          1212
  394 02012  7640          7640
  395 02013  5230          5230
  396 02014  1214          1214
  397 02015  0274          0274
  398 02016  1341          1341
  399 02017  7510          7510
  400 02020  2226          2226
  401 02021  7750          7750
  402 02022  5626          5626
  403 02023  1214          1214
  404 02024  0256          0256
  405 02025  1257          1257
  406 02026  3213          3213
  407 02027  5230          5230
  408 02030  0070          0070
  409 02031  6201          6201
  410 02032  0000          0000
  411 02033  0000          0000
  412 02034  6031          6031



      /17     BOOT    -       OS/8 V3D                                   Page 10


  413 02035  5262          5262
  414 02036  6036          6036
  415 02037  3214          3214
  416 02040  1214          1214
  417 02041  5660          5660
  418 02042  6011          6011
  419 02043  5270          5270
  420 02044  6016          6016
  421 02045  5265          5265
  422 02046  0300          0300
  423 02047  4343          4343
  424 02050  7041          7041
  425 02051  1215          1215
  426 02052  7402          7402
  427 02053  6032          6032
  428 02054  6014          6014
  429 02055  6214          6214
  430 02056  1257          1257
  431 02057  3213          3213
  432 02060  7604          7604
  433 02061  7700          7700
  434 02062  1353          1353
  435 02063  1352          1352
  436 02064  3261          3261
  437 02065  4226          4226
  438 02066  5313          5313
  439 02067  3215          3215
  440 02070  1213          1213
  441 02071  3336          3336
  442 02072  1214          1214
  443 02073  3376          3376
  444 02074  4260          4260
  445 02075  3355          3355
  446 02076  4226          4226
  447 02077  5275          5275
  448 02100  4343          4343
  449 02101  7420          7420
  450 02102  5336          5336
  451 02103  3216          3216
  452 02104  1376          1376
  453 02105  1355          1355
  454 02106  1215          1215
  455 02107  5315          5315
  456 02110  0000          0000
  457 02111  3616          3616
  458 02112  2216          2216
  459 02113  7600          7600
  460 02114  5332          5332
  461 02115  0000          0000
  462 02116  1376          1376



      /17     BOOT    -       OS/8 V3D                                   Page 11


  463 02117  7106          7106
  464 02120  7006          7006
  465 02121  7006          7006
  466 02122  1355          1355
  467 02123  5743          5743
  468 02124  5262          5262
  469 02125  0006          0006
  470 02126  0000          0000
  471 02127  0000          0000
  472 02130  6014          6014
  473 02131  6011          6011
  474 02132  5357          5357
  475 02133  6016          6016
  476 02134  7106          7106
  477 02135  7006          7006
  478 02136  7510          7510
  479 02137  5374          5374
  480 02140  7006          7006
  481 02141  6011          6011
  482 02142  5367          5367
  483 02143  6016          6016
  484 02144  7420          7420
  485 02145  3776          3776
  486 02146  3376          3376
  487 02147  5357          5357
  488 02150  0000          0000
  489 02151  5301          5301
  490 02152  1005  ZERO,   1005
  491 02153  3410          3410
  492 02154  5004          5004
  493 02155  5404          5404
  494 02156  0011          0011
  495 02157  2010          2010
  496 02160  6141  DIAL,   6141
  497 02161  1020          1020
  498 02162  0020          0020
  499 02163  0004          0004
  500 02164  0701          0701
  501 02165  7300          7300
  502              /       7300
  503              /       6002
  504              /       6042
  505              /       6022
  506              /       6012
  507              /       6032
  508              /       6601
  509              /       6764
  510              /       1221
  511              /       3010
  512              /       1622



      /17     BOOT    -       OS/8 V3D                                   Page 12


  513              /       2222
  514              /       7450
  515              /       5620
  516              /       3410
  517              /       5212
  518              /       7730
  519              /       7727
  520              /       0223
  521 02166  6774  TYPSET, 6774
  522 02167  1347          1347
  523 02170  4341          4341
  524 02171  7240          7240
  525 02172  1353          1353
  526 02173  3355          3355
  527 02174  1352          1352
  528 02175  4341          4341
  529 02176  5753          5753
  530 02177  7777          7777
  531 02200  6766          6766
  532 02201  3354          3354
  533 02202  6771          6771
  534 02203  5344          5344
  535 02204  5741          5741
  536 02205  4600          4600
  537 02206  7777          7777
  538 02207  7777          7777
  539 02210  4220          4220
  540 02211  7400          7400
  541 02212  7777          7777
  542 02213  7777          7777
  543 02214  7777          7777
  544 02215  6014          6014
  545 02216  6011          6011
  546 02217  5360          5360
  547 02220  7106          7106
  548 02221  6012          6012
  549 02222  7420          7420
  550 02223  5357          5357
  551 02224  5756          5756
  552 02225  4356          4356
  553 02226  3373          3373
  554 02227  4356          4356
  555 02230  0301  PTCLEV, "A
  556 02231  0264  L3,     "4
  557 02232  0326  LV,     "V
  558 02233  1232  VERS,   TAD LV
  559 02234  4777          JMS I (PUT
  560 02235  1231          TAD L3
  561 02236  4777          JMS I (PUT
  562 02237  1230          TAD PTCLEV



      /17     BOOT    -       OS/8 V3D                                   Page 13


  563 02240  4777          JMS I (PUT
  564 02241  5642          JMP I PRETRY
  565 02242  0264  PRETRY, RETRY
  566 02243  7577  DSKMON, 7577
  567 02244  7750          7750
  568 02245  7751          7751
  569 02246  1171          1171
  570 02247  3572          3572
  571 02250  1172          1172
  572 02251  3573          3573
  573 02252  6643          6643
  574 02253  6615          6615
  575 02254  6603          6603
  576 02255  6602          6602
  577 02256  5203          5203
  578 02257  5606          5606
  579 02260  7600          7600
  580 02261  1237  CAS,    1237
  581 02262  1206          1206
  582 02263  6704          6704
  583 02264  6706          6706
  584 02265  6703          6703
  585 02266  5204          5204
  586 02267  7264          7264
  587 02270  6702          6702
  588 02271  7610          7610
  589 02272  3211          3211
  590 02273  3636          3636
  591 02274  1205          1205
  592 02275  6704          6704
  593 02276  6706          6706
  594 02277  6701          6701
  595 02300  5216          5216
  596 02301  7002          7002
  597 02302  7430          7430
  598 02303  1636          1636
  599 02304  7022          7022
  600 02305  3636          3636
  601 02306  7420          7420
  602 02307  2236          2236
  603 02310  2235          2235
  604 02311  5215          5215
  605 02312  7346          7346
  606 02313  7002          7002
  607 02314  3235          3235
  608 02315  5201          5201
  609 02316  7737          7737
  610 02317  3557          3557
  611 02320  7730          7730
  612        6751          LCD=6751



      /17     BOOT    -       OS/8 V3D                                   Page 14


  613        6755          SDN=6755
  614        6754          SER=6754
  615        6753          STR=6753
  616        6752          XDR=6752
  617              
  618              RX01,   RELOC 24
  619              
  620 00024* 7126  RX8E,   STL RTL
  621 00025* 1060          TAD     UNIT    /GET A READ COMMAND ON THE PROPER
  622 00026* 6751          LCD             /UNIT AND LOAD IT INTO THE COMMAND REGISTER
  623 00027* 7201          CLA IAC
  624 00030* 4053          JMS     LOAD    /READ SECTOR ONE
  625 00031* 4053          JMS     LOAD    /OF TRACK ONE.
  626 00032* 7104          CLL RAL         /SET AC = 2 AS FLAG SAYING WE READ TRACK 1
  627              
  628              RXSTRT,                 /** BOOTSTRAP START ADDR **
  629 00033* 6755  HANGGG, SDN             /DO A FIGURE-8 SKIP -
  630 00034* 5054          JMP     LOAD+1  /ONLY THE DONE FLAG WILL COME UP
  631 00035* 6754          SER             /ANY ERRORS?
  632 00036* 7450          SNA             /OR IS THIS THE INITIAL DUMMY WAIT?
  633 00037* 7610          SKP CLA         /IF EITHER ONE, TRY OTHER DRIVE
  634 00040* 5046          JMP     GOODRD  /IF ALL IS WELL, GO READ THE SECTOR BUFFER
  635 00041* 1060          TAD     UNIT    /COME HERE ON READ ERRORS -
  636 00042* 7041          CIA             /FLIP THE UNIT NUMBER
  637 00043* 1061          TAD     X6030   /IN "UNIT"
  638 00044* 3060          DCA     UNIT
  639 00045* 5024          JMP     RX8E
  640 00046* 6751  GOODRD, LCD             /LOAD THE EMPTY SECTOR BUFFER COMMAND ( A CONVENIENT 2)
  641 00047* 4053  LP,     JMS     LOAD    /GET A WORD FROM THE SECTOR BUFFER
  642 00050* 3002          DCA     2       /SECONDARY BOOT LOADS INTO LOCATIONS 2-51
  643 00051* 2050          ISZ     .-1     /BUMP STORE ADDRESS
  644 00052* 5047          JMP     LP
  645              
  646 00053* 0000  LOAD,   0
  647 00054* 6753          STR             /DO A FIGURE-8 LOOP WAITING FOR THE TRANSFER
  648 00055* 5033          JMP     HANGGG  /OR DONE FLAGS TO COME UP.
  649 00056* 6752          XDR             /TRANSFER FLAG CAME UP - TRANSFER A WORD
  650 00057* 5453          JMP I   LOAD
  651              
  652 00060* 7024  UNIT,   7024            /7004 = DRIVE 0,   7024 = DRIVE 1
  653 00061* 6030  X6030,  6030            /CONSTANT NEEDED TO FLIP UNIT - 7004+7024.
  654              
  655        6400  BASER=6400
  656        6410  BASET=6410
  657              
  658        6400  SKCF=BASER
  659        6401  SKSF=BASER+1
  660        6402  SKCC=BASER+2
  661        6404  SKRS=BASER+4
  662        6405  SKIE=BASER+5



      /17     BOOT    -       OS/8 V3D                                   Page 15


  663        6406  SKRB=BASER+6
  664              
  665        6410  STFL=BASET
  666        6411  STSF=BASET+1
  667        6412  STCF=BASET+2
  668        6414  STPC=BASET+4
  669        6415  STSK=BASET+5
  670        6416  STLS=BASET+6
  671              
  672        0000  BOOT=0000
  673              
  674                      RELOC
      02377  2671
  675                      PAGE
  676              SDISK,  RELOC 17
  677 00017* 0017  SDLOAD, 17
  678                      ZBLOCK 20-.
  679 00020* 7240  SDSTRT, CLA CMA         /AC=7777
  680 00021* 3017          DCA SDLOAD      /SET UP ADDRESS
  681 00022* 1045          TAD BOOTMS      /SEND BOOT MESSAGE TO SERVER
  682 00023* 6416          STLS
  683 00024* 6411          STSF
  684 00025* 5024          JMP .-1
  685 00026* 6402  RDLP,   SKCC            /CLEAR AC AND FLAG
  686 00027* 6401          SKSF            /SKIP IF FLAG SET
  687 00030* 5027          JMP .-1
  688 00031* 6406          SKRB            /READ BUFFER
  689 00032* 7106          CLL RTL         /ROTATE 6 LEFT
  690 00033* 7006          RTL
  691 00034* 7510          SPA             /CHANNEL 8 PUNCHED?
  692 00035* 5000          JMP BOOT        /YES, CONTINUE BOOTING
  693 00036* 7006          RTL
  694 00037* 6401          SKSF            /SKIP IF FLAG SET
  695 00040* 5037          JMP .-1
  696 00041* 6404          SKRS            /OR BUFFER WITH AC
  697 00042* 3417          DCA I SDLOAD    /STORE CONTENTS
  698 00043* 5026          JMP RDLP        /KEEP LOOPING
  699 00044* 7605  B7605,  7605            /ADDRESS OF OS/8 ENTRY
  700 00045* 0100  BOOTMS, 100             /"@" COMMAND TO SERVER
  701              
  702                      RELOC
  703                      PAGE
  704 02600  2213  L2213,  2213
  705        6615          DIML=6615
  706 02601  7201  DISK,   CLA IAC
  707 02602  6615          DIML
  708 02603  7650          SNA CLA
  709 02604  5216          JMP GOTRF
  710 02605  1377          TAD (70
  711 02606  6732          6732



      /17     BOOT    -       OS/8 V3D                                   Page 16


  712 02607  7650          SNA CLA
  713 02610  5221          JMP GOTRK8
  714 02611  7201          CLA IAC
  715 02612  6744          6744
  716 02613  7640          SZA CLA
  717 02614  5623          JMP I PRETR
  718 02615  7240          STA             /RE
  719 02616  1220  GOTRF,  TAD L2206       /RF
  720 02617  5657          JMP I PCOMN
  721 02620  2206  L2206,  2206
  722 02621  1200  GOTRK8, TAD L2213       /RK
  723 02622  5657          JMP I PCOMN
  724 02623  0264  PRETR,  RETRY
  725 02624  6141  TAPE,   6141            /LINC
  726 02625  0017          17              /COMPL AC
  727 02626  0002          2               /PDP
  728 02627  7001          IAC
  729 02630  7650          SNA CLA
  730 02631  5253          JMP GOTLTA
  731 02632  1377          TAD (70
  732 02633  6774          6774
  733 02634  7200          CLA
  734 02635  6772          6772
  735 02636  7000          NOP
  736 02637  1260          TAD M70
  737 02640  7650          SNA CLA
  738 02641  5251          JMP GOTTC
  739 02642  7330          STL CLA RAR
  740 02643  6774          6774
  741 02644  7200          CLA
  742 02645  6776          6776
  743 02646  7700          SMA CLA
  744 02647  5623          JMP I PRETR
  745 02650  7201  GOTTD,  CLA IAC
  746 02651  1256  GOTTC,  TAD L2403       /TC
  747 02652  5657          JMP I PCOMN
  748 02653  1255  GOTLTA, TAD L1424       /LT
  749 02654  5657          JMP I PCOMN
  750 02655  1424  L1424,  1424
  751 02656  2403  L2403,  2403
  752 02657  0212  PCOMN,  COMN
  753 02660  7710  M70,    -70
  754              /       0000
  755 02661  0000  CRLF,   0
  756 02662  1267          TAD L215
  757 02663  4271          JMS PUT
  758 02664  1270          TAD L212
  759 02665  4271          JMS PUT
  760 02666  5661          JMP I CRLF
  761              



      /17     BOOT    -       OS/8 V3D                                   Page 17


  762 02667  0215  L215,   215
  763 02670  0212  L212,   212
  764              
  765 02671  0000  PUT,    0
  766 02672  6046          TLS
  767 02673  6041          TSF
  768 02674  5273          JMP .-1
  769 02675  7200          CLA
  770 02676  5671          JMP I PUT
  771              
  772 02677  0000  GET,    0
  773 02700  6031          KSF
  774 02701  5300          JMP .-1
  775 02702  6036          KRB
  776 02703  0376          AND (177
  777 02704  6046          TLS
  778 02705  6041          TSF
  779 02706  5305          JMP .-1
  780 02707  1375          TAD (-003
  781 02710  7450          SNA
  782 02711  5774          JMP I (7605
  783 02712  1373          TAD (003-177
  784 02713  7450          SNA
  785 02714  5772          JMP I (RETRY
  786 02715  1371          TAD (177-015
  787 02716  7450          SNA
  788 02717  2277          ISZ GET
  789 02720  1370          TAD (015
  790 02721  0367          AND (77
  791 02722  5677          JMP I GET
  792              
  793 02723  0000  TESTRK, 0
  794 02724  1377          TAD (70
  795 02725  6732          6732
  796 02726  7650          SNA CLA
  797 02727  5723          JMP I TESTRK
  798 02730  1366  RK05,   TAD (RK8E
  799 02731  3765          DCA I (RKADR
  800 02732  5723          JMP I TESTRK
  801              
      02765  0406
      02766  0614
      02767  0077
      02770  0015
      02771  0162
      02772  0264
      02773  7604
      02774  7605
      02775  7775
      02776  0177



      /17     BOOT    -       OS/8 V3D                                   Page 18


      02777  0070
      00177  7600
  802                      FIELD 0
  803        0200          *200
  804                      $

      No detected errors
      No links generated
